<?xml version="1.0" encoding="UTF-8"?>
<!-- Generated by org.testng.reporters.JUnitReportReporter -->
<testsuite skipped="0" hostname="DESKTOP-R3KEBJJ" name="Test.US_SignUp" tests="3" failures="0" timestamp="08 Jan 2022 18:11:42 GMT" time="5.080" errors="0">
  <testcase name="signup" time="1.102" classname="Test.US_SignUp"/>
  <testcase name="signup" time="2.095" classname="Test.US_SignUp"/>
  <testcase name="signup" time="1.883" classname="Test.US_SignUp"/>
</testsuite> <!-- Test.US_SignUp -->
