<?xml version="1.0" encoding="UTF-8"?>
<!-- Generated by org.testng.reporters.JUnitReportReporter -->
<testsuite skipped="0" hostname="DESKTOP-R3KEBJJ" name="Test.US_SignUp001" tests="1" failures="0" timestamp="08 Jan 2022 10:13:05 GMT" time="1.283" errors="0">
  <testcase name="signup" time="1.283" classname="Test.US_SignUp001"/>
</testsuite> <!-- Test.US_SignUp001 -->
